2025-04-25 10:24:43.078  INFO 1 - [       main] c.epam.healenium.Application     : Starting Application v3.4.6 using Java 22.0.2 with PID 1 (/healenium-backend.jar started by root in /) 
2025-04-25 10:24:43.168  INFO 1 - [       main] c.epam.healenium.Application     : No active profile set, falling back to 1 default profile: "default" 
2025-04-25 10:24:45.295  INFO 1 - [       main] .RepositoryConfigurationDelegate : Bootstrapping Spring Data JPA repositories in DEFAULT mode. 
2025-04-25 10:24:45.631  INFO 1 - [       main] .RepositoryConfigurationDelegate : Finished Spring Data repository scanning in 257 ms. Found 4 JPA repository interfaces. 
2025-04-25 10:24:47.328  INFO 1 - [       main] o.s.b.w.e.t.TomcatWebServer      : Tomcat initialized with port 7878 (http) 
2025-04-25 10:24:47.361  INFO 1 - [       main] o.a.c.core.StandardService       : Starting service [Tomcat] 
2025-04-25 10:24:47.362  INFO 1 - [       main] o.a.c.core.StandardEngine        : Starting Servlet engine: [Apache Tomcat/10.1.30] 
2025-04-25 10:24:47.444  INFO 1 - [       main] o.a.c.c.C.[.[localhost].[/]      : Initializing Spring embedded WebApplicationContext 
2025-04-25 10:24:47.446  INFO 1 - [       main] rvletWebServerApplicationContext : Root WebApplicationContext: initialization completed in 4181 ms 
2025-04-25 10:24:47.985  INFO 1 - [       main] c.z.hikari.HikariDataSource      : HikariPool-1 - Starting... 
2025-04-25 10:24:48.316  INFO 1 - [       main] c.z.hikari.HikariDataSource      : HikariPool-1 - Start completed. 
2025-04-25 10:24:48.580  INFO 1 - [       main] liquibase.database               : Set default schema name to healenium 
2025-04-25 10:24:49.587  INFO 1 - [       main] liquibase.changelog              : Creating database history table with name: healenium.databasechangelog 
2025-04-25 10:24:49.706  INFO 1 - [       main] liquibase.changelog              : Reading from healenium.databasechangelog 
2025-04-25 10:24:49.947  INFO 1 - [       main] liquibase.lockservice            : Successfully acquired change log lock 
2025-04-25 10:24:49.950  INFO 1 - [       main] liquibase.command                : Using deploymentId: 5565889949 
2025-04-25 10:24:49.954  INFO 1 - [       main] liquibase.changelog              : Reading from healenium.databasechangelog 
2025-04-25 10:24:50.003  INFO 1 - [       main] liquibase.ui                     : Running Changeset: changelog/001_createSequence.xml::3::nkobzev 
2025-04-25 10:24:50.013  INFO 1 - [       main] liquibase.changelog              : Sequence healing_result_seq created 
2025-04-25 10:24:50.018  INFO 1 - [       main] liquibase.changelog              : ChangeSet changelog/001_createSequence.xml::3::nkobzev ran successfully in 13ms 
2025-04-25 10:24:50.036  INFO 1 - [       main] liquibase.ui                     : Running Changeset: changelog/002_selector.xml::5::nkobzev 
2025-04-25 10:24:50.052  INFO 1 - [       main] liquibase.changelog              : Table SELECTOR created 
2025-04-25 10:24:50.056  INFO 1 - [       main] liquibase.changelog              : ChangeSet changelog/002_selector.xml::5::nkobzev ran successfully in 19ms 
2025-04-25 10:24:50.065  INFO 1 - [       main] liquibase.ui                     : Running Changeset: changelog/002_selector.xml::6::nkobzev 
2025-04-25 10:24:50.112  INFO 1 - [       main] liquibase.changelog              : Index SELECTOR_PK created 
2025-04-25 10:24:50.115  INFO 1 - [       main] liquibase.changelog              : ChangeSet changelog/002_selector.xml::6::nkobzev ran successfully in 49ms 
2025-04-25 10:24:50.125  INFO 1 - [       main] liquibase.ui                     : Running Changeset: changelog/003_healing.xml::7::nkobzev 
2025-04-25 10:24:50.140  INFO 1 - [       main] liquibase.changelog              : Table HEALING created 
2025-04-25 10:24:50.145  INFO 1 - [       main] liquibase.changelog              : ChangeSet changelog/003_healing.xml::7::nkobzev ran successfully in 18ms 
2025-04-25 10:24:50.154  INFO 1 - [       main] liquibase.ui                     : Running Changeset: changelog/003_healing.xml::8::nkobzev 
2025-04-25 10:24:50.189  INFO 1 - [       main] liquibase.changelog              : Index HEALING_PK created 
2025-04-25 10:24:50.197  INFO 1 - [       main] liquibase.changelog              : Foreign key constraint added to HEALING (SELECTOR_ID) 
2025-04-25 10:24:50.202  INFO 1 - [       main] liquibase.changelog              : ChangeSet changelog/003_healing.xml::8::nkobzev ran successfully in 45ms 
2025-04-25 10:24:50.212  INFO 1 - [       main] liquibase.ui                     : Running Changeset: changelog/004_healingResult.xml::9::nkobzev 
2025-04-25 10:24:50.227  INFO 1 - [       main] liquibase.changelog              : Table HEALING_RESULT created 
2025-04-25 10:24:50.231  INFO 1 - [       main] liquibase.changelog              : ChangeSet changelog/004_healingResult.xml::9::nkobzev ran successfully in 17ms 
2025-04-25 10:24:50.246  INFO 1 - [       main] liquibase.ui                     : Running Changeset: changelog/004_healingResult.xml::10::nkobzev 
2025-04-25 10:24:50.282  INFO 1 - [       main] liquibase.changelog              : Index HEALING_RESULT_PK created 
2025-04-25 10:24:50.286  INFO 1 - [       main] liquibase.changelog              : Foreign key constraint added to HEALING_RESULT (HEALING_ID) 
2025-04-25 10:24:50.289  INFO 1 - [       main] liquibase.changelog              : ChangeSet changelog/004_healingResult.xml::10::nkobzev ran successfully in 42ms 
2025-04-25 10:24:50.297  INFO 1 - [       main] liquibase.ui                     : Running Changeset: changelog/005_report.xml::11::nkobzev 
2025-04-25 10:24:50.308  INFO 1 - [       main] liquibase.changelog              : Table REPORT created 
2025-04-25 10:24:50.312  INFO 1 - [       main] liquibase.changelog              : ChangeSet changelog/005_report.xml::11::nkobzev ran successfully in 14ms 
2025-04-25 10:24:50.318  INFO 1 - [       main] liquibase.ui                     : Running Changeset: changelog/005_report.xml::12::nkobzev 
2025-04-25 10:24:50.353  INFO 1 - [       main] liquibase.changelog              : Index REPORT_PK created 
2025-04-25 10:24:50.357  INFO 1 - [       main] liquibase.changelog              : ChangeSet changelog/005_report.xml::12::nkobzev ran successfully in 38ms 
2025-04-25 10:24:50.364  INFO 1 - [       main] liquibase.ui                     : Running Changeset: changelog/006_command_and_healingenable_column.xml::13::nkobzev 
2025-04-25 10:24:50.369  INFO 1 - [       main] liquibase.changelog              : Columns COMMAND(VARCHAR(264)),ENABLE_HEALING(BOOLEAN) added to SELECTOR 
2025-04-25 10:24:50.373  INFO 1 - [       main] liquibase.changelog              : ChangeSet changelog/006_command_and_healingenable_column.xml::13::nkobzev ran successfully in 8ms 
2025-04-25 10:24:50.384  INFO 1 - [       main] liquibase.util                   : UPDATE SUMMARY 
2025-04-25 10:24:50.385  INFO 1 - [       main] liquibase.util                   : Run:                         10 
2025-04-25 10:24:50.386  INFO 1 - [       main] liquibase.util                   : Previously run:               0 
2025-04-25 10:24:50.386  INFO 1 - [       main] liquibase.util                   : Filtered out:                 0 
2025-04-25 10:24:50.387  INFO 1 - [       main] liquibase.util                   : ------------------------------- 
2025-04-25 10:24:50.387  INFO 1 - [       main] liquibase.util                   : Total change sets:           10 
2025-04-25 10:24:50.388  INFO 1 - [       main] liquibase.util                   : Update summary generated 
2025-04-25 10:24:50.392  INFO 1 - [       main] liquibase.command                : Update command completed successfully. 
2025-04-25 10:24:50.393  INFO 1 - [       main] liquibase.ui                     : Liquibase: Update has been successful. Rows affected: 10 
2025-04-25 10:24:50.399  INFO 1 - [       main] liquibase.lockservice            : Successfully released change log lock 
2025-04-25 10:24:50.401  INFO 1 - [       main] liquibase.command                : Command execution complete 
2025-04-25 10:24:50.605  INFO 1 - [       main] o.h.j.internal.util.LogHelper    : HHH000204: Processing PersistenceUnitInfo [name: default] 
2025-04-25 10:24:50.772  INFO 1 - [       main] org.hibernate.Version            : HHH000412: Hibernate ORM core version 6.5.3.Final 
2025-04-25 10:24:50.866  INFO 1 - [       main] o.h.c.i.RegionFactoryInitiator   : HHH000026: Second-level cache disabled 
2025-04-25 10:24:51.699  INFO 1 - [       main] .o.j.p.SpringPersistenceUnitInfo : No LoadTimeWeaver setup: ignoring JPA class transformer 
2025-04-25 10:24:51.719  WARN 1 - [       main] org.hibernate.orm.deprecation    : HHH90000021: Encountered deprecated setting [hibernate.temp.use_jdbc_metadata_defaults], use [hibernate.boot.allow_jdbc_metadata_access] instead 
2025-04-25 10:24:51.750  WARN 1 - [       main] org.hibernate.orm.deprecation    : HHH90000025: PostgreSQLDialect does not need to be specified explicitly using 'hibernate.dialect' (remove the property setting and it will be selected by default) 
2025-04-25 10:24:54.286  WARN 1 - [       main] o.h.m.internal.MetadataContext   : HHH015011: Unable to locate static metamodel field : com.epam.healenium.model.domain.Selector_#nodePathWrapper; this may or may not indicate a problem with the static metamodel 
2025-04-25 10:24:54.299  INFO 1 - [       main] h.e.t.j.p.i.JtaPlatformInitiator : HHH000489: No JTA platform available (set 'hibernate.transaction.jta.platform' to enable JTA platform integration) 
2025-04-25 10:24:54.307  INFO 1 - [       main] ontainerEntityManagerFactoryBean : Initialized JPA EntityManagerFactory for persistence unit 'default' 
2025-04-25 10:24:55.255  INFO 1 - [       main] o.s.d.j.r.q.QueryEnhancerFactory : Hibernate is in classpath; If applicable, HQL parser will be used. 
2025-04-25 10:24:56.447  INFO 1 - [       main] .a.w.s.WelcomePageHandlerMapping : Adding welcome page template: index 
2025-04-25 10:24:57.682  INFO 1 - [       main] .s.b.a.e.w.EndpointLinksResolver : Exposing 1 endpoint beneath base path '/actuator' 
2025-04-25 10:24:57.912  INFO 1 - [       main] o.s.b.w.e.t.TomcatWebServer      : Tomcat started on port 7878 (http) with context path '/' 
2025-04-25 10:24:58.086  INFO 1 - [       main] c.epam.healenium.Application     : Started Application in 16.027 seconds (process running for 17.285) 
